{"name": " -- @1.2 ", "status": "broken", "statusDetails": {"message": "selenium.common.exceptions.NoSuchElementException: Message: no such element: Unable to locate element: {\"method\":\"css selector\",\"selector\":\"[id=\"otpSubmitBtn\"]\"}\n  (Session info: chrome=106.0.5249.121)\n\n", "trace": "  File \"C:\\Users\\Sai kumar\\AppData\\Local\\Programs\\Python\\Python310\\lib\\site-packages\\behave\\model.py\", line 1329, in run\n    match.run(runner.context)\n  File \"C:\\Users\\Sai kumar\\AppData\\Local\\Programs\\Python\\Python310\\lib\\site-packages\\behave\\matchers.py\", line 98, in run\n    self.func(context, *args, **kwargs)\n  File \"steps\\pharmeasystepdef.py\", line 86, in click_sub\n    context.driver.find_element('id', 'otpSubmitBtn').click()\n  File \"C:\\Users\\Sai kumar\\AppData\\Local\\Programs\\Python\\Python310\\lib\\site-packages\\selenium\\webdriver\\remote\\webdriver.py\", line 976, in find_element\n    return self.execute(Command.FIND_ELEMENT, {\n  File \"C:\\Users\\Sai kumar\\AppData\\Local\\Programs\\Python\\Python310\\lib\\site-packages\\selenium\\webdriver\\remote\\webdriver.py\", line 321, in execute\n    self.error_handler.check_response(response)\n  File \"C:\\Users\\Sai kumar\\AppData\\Local\\Programs\\Python\\Python310\\lib\\site-packages\\selenium\\webdriver\\remote\\errorhandler.py\", line 242, in check_response\n    raise exception_class(message, screen, stacktrace)\n"}, "steps": [{"name": "Given User is able to launch browsers", "status": "passed", "start": 1667450421268, "stop": 1667450427895}, {"name": "When User is able to click on health_care module", "status": "passed", "start": 1667450427896, "stop": 1667450433592}, {"name": "Then User is  able to click on Covid essentials", "status": "passed", "start": 1667450433592, "stop": 1667450439226}, {"name": "And User is able to click on Covid Test Kits", "status": "passed", "start": 1667450439226, "stop": 1667450441397}, {"name": "And User is able to click on popularity", "status": "passed", "start": 1667450441397, "stop": 1667450443498}, {"name": "Then User is able to select a product according its popularity", "status": "passed", "start": 1667450443498, "stop": 1667450445717}, {"name": "Then User is able to filter the product according to its brand", "status": "passed", "start": 1667450445717, "stop": 1667450447832}, {"name": "And User should be able to select and choose price range", "status": "passed", "start": 1667450447832, "stop": 1667450450015}, {"name": "Then User should be able to select product", "status": "passed", "start": 1667450450015, "stop": 1667450461760}, {"name": "And User should be able add the product to cart", "status": "passed", "start": 1667450461760, "stop": 1667450463931}, {"name": "And User should be able to select Qty of items to be added to cart", "status": "passed", "start": 1667450463932, "stop": 1667450466092}, {"name": "Then User should be to click on view cart", "status": "passed", "start": 1667450466092, "stop": 1667450476181}, {"name": "Then User is able to add the delivery address", "status": "passed", "start": 1667450476181, "stop": 1667450478319}, {"name": "When User enter valid phone \"123456789\" in phone number text field", "status": "passed", "start": 1667450478319, "stop": 1667450480531}, {"name": "Then User should be able to click on send otp", "status": "passed", "start": 1667450480531, "stop": 1667450510646}, {"name": "And User should be able to click on submit otp", "status": "broken", "statusDetails": {"message": "selenium.common.exceptions.NoSuchElementException: Message: no such element: Unable to locate element: {\"method\":\"css selector\",\"selector\":\"[id=\"otpSubmitBtn\"]\"}\n  (Session info: chrome=106.0.5249.121)\n\n", "trace": "  File \"C:\\Users\\Sai kumar\\AppData\\Local\\Programs\\Python\\Python310\\lib\\site-packages\\behave\\model.py\", line 1329, in run\n    match.run(runner.context)\n  File \"C:\\Users\\Sai kumar\\AppData\\Local\\Programs\\Python\\Python310\\lib\\site-packages\\behave\\matchers.py\", line 98, in run\n    self.func(context, *args, **kwargs)\n  File \"steps\\pharmeasystepdef.py\", line 86, in click_sub\n    context.driver.find_element('id', 'otpSubmitBtn').click()\n  File \"C:\\Users\\Sai kumar\\AppData\\Local\\Programs\\Python\\Python310\\lib\\site-packages\\selenium\\webdriver\\remote\\webdriver.py\", line 976, in find_element\n    return self.execute(Command.FIND_ELEMENT, {\n  File \"C:\\Users\\Sai kumar\\AppData\\Local\\Programs\\Python\\Python310\\lib\\site-packages\\selenium\\webdriver\\remote\\webdriver.py\", line 321, in execute\n    self.error_handler.check_response(response)\n  File \"C:\\Users\\Sai kumar\\AppData\\Local\\Programs\\Python\\Python310\\lib\\site-packages\\selenium\\webdriver\\remote\\errorhandler.py\", line 242, in check_response\n    raise exception_class(message, screen, stacktrace)\n"}, "start": 1667450510646, "stop": 1667450510662}], "parameters": [{"name": "number", "value": "123456789"}], "start": 1667450421261, "stop": 1667450510662, "uuid": "718daa82-582f-4992-838d-b6f008823c8e", "historyId": "b0ecf5f3fdafd3f6b6aaa8ee13ae81f3", "fullName": "Health_care: ", "labels": [{"name": "severity", "value": "normal"}, {"name": "feature", "value": "Health_care"}, {"name": "framework", "value": "behave"}, {"name": "language", "value": "cpython3"}]}