{"name": " -- @1.3 ", "status": "broken", "statusDetails": {"message": "selenium.common.exceptions.NoSuchElementException: Message: no such element: Unable to locate element: {\"method\":\"xpath\",\"selector\":\"//div[text()=\"Coviself Covid Self Test Kit\"]\"}\n  (Session info: chrome=106.0.5249.121)\n\n", "trace": "  File \"C:\\Users\\Sai kumar\\AppData\\Local\\Programs\\Python\\Python310\\lib\\site-packages\\behave\\model.py\", line 1329, in run\n    match.run(runner.context)\n  File \"C:\\Users\\Sai kumar\\AppData\\Local\\Programs\\Python\\Python310\\lib\\site-packages\\behave\\matchers.py\", line 98, in run\n    self.func(context, *args, **kwargs)\n  File \"steps\\pharmeasystepdef.py\", line 50, in select_product\n    context.driver.find_element(\"xpath\", '//div[text()=\"Coviself Covid Self Test Kit\"]').click()\n  File \"C:\\Users\\Sai kumar\\AppData\\Local\\Programs\\Python\\Python310\\lib\\site-packages\\selenium\\webdriver\\remote\\webdriver.py\", line 976, in find_element\n    return self.execute(Command.FIND_ELEMENT, {\n  File \"C:\\Users\\Sai kumar\\AppData\\Local\\Programs\\Python\\Python310\\lib\\site-packages\\selenium\\webdriver\\remote\\webdriver.py\", line 321, in execute\n    self.error_handler.check_response(response)\n  File \"C:\\Users\\Sai kumar\\AppData\\Local\\Programs\\Python\\Python310\\lib\\site-packages\\selenium\\webdriver\\remote\\errorhandler.py\", line 242, in check_response\n    raise exception_class(message, screen, stacktrace)\n"}, "steps": [{"name": "Given User is able to launch browsers", "status": "passed", "start": 1667450510678, "stop": 1667450521968}, {"name": "When User is able to click on health_care module", "status": "passed", "start": 1667450521968, "stop": 1667450537646}, {"name": "Then User is  able to click on Covid essentials", "status": "passed", "start": 1667450537646, "stop": 1667450548718}, {"name": "And User is able to click on Covid Test Kits", "status": "passed", "start": 1667450548719, "stop": 1667450550917}, {"name": "And User is able to click on popularity", "status": "passed", "start": 1667450550917, "stop": 1667450553014}, {"name": "Then User is able to select a product according its popularity", "status": "passed", "start": 1667450553014, "stop": 1667450555203}, {"name": "Then User is able to filter the product according to its brand", "status": "passed", "start": 1667450555203, "stop": 1667450557324}, {"name": "And User should be able to select and choose price range", "status": "passed", "start": 1667450557324, "stop": 1667450559537}, {"name": "Then User should be able to select product", "status": "broken", "statusDetails": {"message": "selenium.common.exceptions.NoSuchElementException: Message: no such element: Unable to locate element: {\"method\":\"xpath\",\"selector\":\"//div[text()=\"Coviself Covid Self Test Kit\"]\"}\n  (Session info: chrome=106.0.5249.121)\n\n", "trace": "  File \"C:\\Users\\Sai kumar\\AppData\\Local\\Programs\\Python\\Python310\\lib\\site-packages\\behave\\model.py\", line 1329, in run\n    match.run(runner.context)\n  File \"C:\\Users\\Sai kumar\\AppData\\Local\\Programs\\Python\\Python310\\lib\\site-packages\\behave\\matchers.py\", line 98, in run\n    self.func(context, *args, **kwargs)\n  File \"steps\\pharmeasystepdef.py\", line 50, in select_product\n    context.driver.find_element(\"xpath\", '//div[text()=\"Coviself Covid Self Test Kit\"]').click()\n  File \"C:\\Users\\Sai kumar\\AppData\\Local\\Programs\\Python\\Python310\\lib\\site-packages\\selenium\\webdriver\\remote\\webdriver.py\", line 976, in find_element\n    return self.execute(Command.FIND_ELEMENT, {\n  File \"C:\\Users\\Sai kumar\\AppData\\Local\\Programs\\Python\\Python310\\lib\\site-packages\\selenium\\webdriver\\remote\\webdriver.py\", line 321, in execute\n    self.error_handler.check_response(response)\n  File \"C:\\Users\\Sai kumar\\AppData\\Local\\Programs\\Python\\Python310\\lib\\site-packages\\selenium\\webdriver\\remote\\errorhandler.py\", line 242, in check_response\n    raise exception_class(message, screen, stacktrace)\n"}, "start": 1667450559537, "stop": 1667450559563}, {"name": "And User should be able add the product to cart", "status": "skipped", "start": 1667450559571, "stop": 1667450559571}, {"name": "And User should be able to select Qty of items to be added to cart", "status": "skipped", "start": 1667450559571, "stop": 1667450559571}, {"name": "Then User should be to click on view cart", "status": "skipped", "start": 1667450559571, "stop": 1667450559571}, {"name": "Then User is able to add the delivery address", "status": "skipped", "start": 1667450559571, "stop": 1667450559571}, {"name": "When User enter valid phone \"87654321\" in phone number text field", "status": "skipped", "start": 1667450559571, "stop": 1667450559571}, {"name": "Then User should be able to click on send otp", "status": "skipped", "start": 1667450559571, "stop": 1667450559571}, {"name": "And User should be able to click on submit otp", "status": "skipped", "start": 1667450559571, "stop": 1667450559571}], "parameters": [{"name": "number", "value": "87654321"}], "start": 1667450510678, "stop": 1667450559571, "uuid": "dd29565a-9a90-4328-b7d2-351604a52ff0", "historyId": "7bd2621af0689b3410228cfd37669af0", "fullName": "Health_care: ", "labels": [{"name": "severity", "value": "normal"}, {"name": "feature", "value": "Health_care"}, {"name": "framework", "value": "behave"}, {"name": "language", "value": "cpython3"}]}